<?xml version="1.0" encoding="UTF-8" ?>
<testsuite tests="8" failures="0" name="org.personal.danner.validate.ValidateRectanglesTest" time="0.046" errors="0" skipped="0">
  <properties>
[...]
</properties>
  <testcase classname="org.personal.danner.validate.ValidateRectanglesTest" name="validateAdjacentPartial" time="0.046"/>
  <testcase classname="org.personal.danner.validate.ValidateRectanglesTest" name="validateContainsTwoToOne" time="0"/>
  <testcase classname="org.personal.danner.validate.ValidateRectanglesTest" name="validateContainsOneToTwo" time="0"/>
  <testcase classname="org.personal.danner.validate.ValidateRectanglesTest" name="validateIntersectionNoContainment" time="0"/>
  <testcase classname="org.personal.danner.validate.ValidateRectanglesTest" name="validateAdjacentProper" time="0"/>
  <testcase classname="org.personal.danner.validate.ValidateRectanglesTest" name="validateNoIntersection" time="0"/>
  <testcase classname="org.personal.danner.validate.ValidateRectanglesTest" name="validateAdjacentSubLine" time="0"/>
  <testcase classname="org.personal.danner.validate.ValidateRectanglesTest" name="validateIntersection" time="0"/>
</testsuite>